<?xml version="1.0" encoding="UTF-8"?>
<!-- Generated by org.testng.reporters.JUnitXMLReporter -->
<testsuite ignored="2" hostname="STS-2240" failures="0" tests="1" name="RegressionTest" time="2.311" errors="0" timestamp="2025-10-06T18:40:10 IST">
  <testcase classname="pom.test.LoginTest" name="invalidLoginTest" time="0.506"/>
  <testcase classname="pom.test.LoginTest" name="validLoginTest" time="0.0">
    <ignored/>
  </testcase> <!-- validLoginTest -->
  <testcase classname="pom.test.OrdersTest" name="orderOneItem" time="0.0">
    <ignored/>
  </testcase> <!-- orderOneItem -->
</testsuite> <!-- RegressionTest -->
