<?xml version="1.0" encoding="UTF-8"?>
<!-- Generated by org.testng.reporters.JUnitXMLReporter -->
<testsuite ignored="1" hostname="STS-2240" failures="0" tests="2" name="SmokeTest" time="7.74" errors="0" timestamp="2025-10-06T18:40:08 IST">
  <testcase classname="pom.test.OrdersTest" name="orderOneItem" time="1.914"/>
  <testcase classname="pom.test.LoginTest" name="validLoginTest" time="0.781"/>
  <testcase classname="pom.test.LoginTest" name="invalidLoginTest" time="0.0">
    <ignored/>
  </testcase> <!-- invalidLoginTest -->
</testsuite> <!-- SmokeTest -->
