<?xml version="1.0" encoding="UTF-8"?>
<testng-results ignored="1" total="3" passed="2" failed="0" skipped="0">
  <reporter-output>
  </reporter-output>
  <suite started-at="2025-10-06T18:33:06 IST" name="Suite" finished-at="2025-10-06T18:33:14 IST" duration-ms="8543">
    <groups>
      <group name="SMOKE">
        <method signature="LoginTest.validLoginTest()[pri:0, instance:pom.test.LoginTest@1e097d59]" name="validLoginTest" class="pom.test.LoginTest"/>
        <method signature="OrdersTest.orderOneItem()[pri:0, instance:pom.test.OrdersTest@332796d3]" name="orderOneItem" class="pom.test.OrdersTest"/>
      </group> <!-- SMOKE -->
    </groups>
    <test started-at="2025-10-06T18:33:06 IST" name="Test" finished-at="2025-10-06T18:33:14 IST" duration-ms="8543">
      <class name="pom.test.LoginTest">
        <test-method is-config="true" signature="setup()[pri:0, instance:pom.test.LoginTest@1e097d59]" started-at="2025-10-06T18:33:12 IST" name="setup" finished-at="2025-10-06T18:33:13 IST" duration-ms="1785" status="PASS">
          <reporter-output>
          </reporter-output>
        </test-method> <!-- setup -->
        <test-method signature="validLoginTest()[pri:0, instance:pom.test.LoginTest@1e097d59]" started-at="2025-10-06T18:33:13 IST" name="validLoginTest" finished-at="2025-10-06T18:33:14 IST" duration-ms="900" status="PASS">
          <reporter-output>
          </reporter-output>
        </test-method> <!-- validLoginTest -->
        <test-method is-config="true" signature="tearDown()[pri:0, instance:pom.test.LoginTest@1e097d59]" started-at="2025-10-06T18:33:14 IST" name="tearDown" finished-at="2025-10-06T18:33:14 IST" duration-ms="208" status="PASS">
          <reporter-output>
          </reporter-output>
        </test-method> <!-- tearDown -->
      </class> <!-- pom.test.LoginTest -->
      <class name="pom.test.OrdersTest">
        <test-method is-config="true" signature="setup()[pri:0, instance:pom.test.OrdersTest@332796d3]" started-at="2025-10-06T18:33:06 IST" name="setup" finished-at="2025-10-06T18:33:09 IST" duration-ms="2689" status="PASS">
          <reporter-output>
          </reporter-output>
        </test-method> <!-- setup -->
        <test-method signature="orderOneItem()[pri:0, instance:pom.test.OrdersTest@332796d3]" started-at="2025-10-06T18:33:09 IST" name="orderOneItem" finished-at="2025-10-06T18:33:11 IST" duration-ms="2634" status="PASS">
          <reporter-output>
          </reporter-output>
        </test-method> <!-- orderOneItem -->
        <test-method is-config="true" signature="tearDown()[pri:0, instance:pom.test.OrdersTest@332796d3]" started-at="2025-10-06T18:33:11 IST" name="tearDown" finished-at="2025-10-06T18:33:12 IST" duration-ms="246" status="PASS">
          <reporter-output>
          </reporter-output>
        </test-method> <!-- tearDown -->
      </class> <!-- pom.test.OrdersTest -->
    </test> <!-- Test -->
  </suite> <!-- Suite -->
</testng-results>
