<?xml version="1.0" encoding="UTF-8"?>
<testng-results ignored="3" total="6" passed="3" failed="0" skipped="0">
  <reporter-output>
  </reporter-output>
  <suite started-at="2025-10-06T18:40:00 IST" name="Suite" finished-at="2025-10-06T18:40:10 IST" duration-ms="10087">
    <groups>
      <group name="Regression">
        <method signature="LoginTest.invalidLoginTest()[pri:1, instance:pom.test.LoginTest@1c481ff2]" name="invalidLoginTest" class="pom.test.LoginTest"/>
      </group> <!-- Regression -->
      <group name="SMOKE">
        <method signature="LoginTest.validLoginTest()[pri:0, instance:pom.test.LoginTest@1e097d59]" name="validLoginTest" class="pom.test.LoginTest"/>
        <method signature="OrdersTest.orderOneItem()[pri:0, instance:pom.test.OrdersTest@332796d3]" name="orderOneItem" class="pom.test.OrdersTest"/>
      </group> <!-- SMOKE -->
    </groups>
    <test started-at="2025-10-06T18:40:00 IST" name="SmokeTest" finished-at="2025-10-06T18:40:08 IST" duration-ms="7740">
      <class name="pom.test.LoginTest">
        <test-method is-config="true" signature="setup()[pri:0, instance:pom.test.LoginTest@1e097d59]" started-at="2025-10-06T18:40:05 IST" name="setup" finished-at="2025-10-06T18:40:07 IST" duration-ms="1814" status="PASS">
          <reporter-output>
          </reporter-output>
        </test-method> <!-- setup -->
        <test-method signature="validLoginTest()[pri:0, instance:pom.test.LoginTest@1e097d59]" started-at="2025-10-06T18:40:07 IST" name="validLoginTest" finished-at="2025-10-06T18:40:07 IST" duration-ms="781" status="PASS">
          <reporter-output>
          </reporter-output>
        </test-method> <!-- validLoginTest -->
        <test-method is-config="true" signature="tearDown()[pri:0, instance:pom.test.LoginTest@1e097d59]" started-at="2025-10-06T18:40:07 IST" name="tearDown" finished-at="2025-10-06T18:40:08 IST" duration-ms="180" status="PASS">
          <reporter-output>
          </reporter-output>
        </test-method> <!-- tearDown -->
      </class> <!-- pom.test.LoginTest -->
      <class name="pom.test.OrdersTest">
        <test-method is-config="true" signature="setup()[pri:0, instance:pom.test.OrdersTest@332796d3]" started-at="2025-10-06T18:40:00 IST" name="setup" finished-at="2025-10-06T18:40:03 IST" duration-ms="2707" status="PASS">
          <reporter-output>
          </reporter-output>
        </test-method> <!-- setup -->
        <test-method signature="orderOneItem()[pri:0, instance:pom.test.OrdersTest@332796d3]" started-at="2025-10-06T18:40:03 IST" name="orderOneItem" finished-at="2025-10-06T18:40:05 IST" duration-ms="1914" status="PASS">
          <reporter-output>
          </reporter-output>
        </test-method> <!-- orderOneItem -->
        <test-method is-config="true" signature="tearDown()[pri:0, instance:pom.test.OrdersTest@332796d3]" started-at="2025-10-06T18:40:05 IST" name="tearDown" finished-at="2025-10-06T18:40:05 IST" duration-ms="260" status="PASS">
          <reporter-output>
          </reporter-output>
        </test-method> <!-- tearDown -->
      </class> <!-- pom.test.OrdersTest -->
    </test> <!-- SmokeTest -->
    <test started-at="2025-10-06T18:40:08 IST" name="RegressionTest" finished-at="2025-10-06T18:40:10 IST" duration-ms="2311">
      <class name="pom.test.LoginTest">
        <test-method is-config="true" signature="setup()[pri:0, instance:pom.test.LoginTest@1c481ff2]" started-at="2025-10-06T18:40:08 IST" name="setup" finished-at="2025-10-06T18:40:09 IST" duration-ms="1623" status="PASS">
          <reporter-output>
          </reporter-output>
        </test-method> <!-- setup -->
        <test-method signature="invalidLoginTest()[pri:1, instance:pom.test.LoginTest@1c481ff2]" started-at="2025-10-06T18:40:09 IST" name="invalidLoginTest" finished-at="2025-10-06T18:40:10 IST" duration-ms="506" status="PASS">
          <reporter-output>
          </reporter-output>
        </test-method> <!-- invalidLoginTest -->
        <test-method is-config="true" signature="tearDown()[pri:0, instance:pom.test.LoginTest@1c481ff2]" started-at="2025-10-06T18:40:10 IST" name="tearDown" finished-at="2025-10-06T18:40:10 IST" duration-ms="176" status="PASS">
          <reporter-output>
          </reporter-output>
        </test-method> <!-- tearDown -->
      </class> <!-- pom.test.LoginTest -->
    </test> <!-- RegressionTest -->
  </suite> <!-- Suite -->
</testng-results>
